# JRE version: Java(TM) SE Runtime Environment (15.0+36) (build 15+36-1562)
# Java VM: Java HotSpot(TM) 64-Bit Server VM (15+36-1562, mixed mode, sharing, tiered, compressed oops, g1 gc, windows-amd64)
GC Precious Log:
 CPUs: 8 total, 8 available
 Memory: 8107M
 Large Page Support: Disabled
 NUMA Support: Disabled
 Compressed Oops: Enabled (32-bit)
 Heap Region Size: 1M
 Heap Min Capacity: 8M
 Heap Initial Capacity: 128M
 Heap Max Capacity: 1G
 Pre-touch: Disabled
 Parallel Workers: 8
 Concurrent Workers: 2
 Concurrent Refinement Workers: 8
 Periodic GC: Disabled
Heap:
 garbage-first heap   total 592896K, used 350154K [0x00000000c0000000, 0x0000000100000000)
  region size 1024K, 34 young (34816K), 14 survivors (14336K)
 Metaspace       used 3648K, capacity 5342K, committed 5632K, reserved 1056768K
  class space    used 280K, capacity 476K, committed 512K, reserved 1048576K
GC Heap History (20 events):
Event: 26.483 GC heap before
{Heap before GC invocations=66 (full 23):
 garbage-first heap   total 449536K, used 315953K [0x00000000c0000000, 0x0000000100000000)
  region size 1024K, 49 young (50176K), 11 survivors (11264K)
 Metaspace       used 3228K, capacity 5212K, committed 5376K, reserved 1056768K
  class space    used 246K, capacity 474K, committed 512K, reserved 1048576K
}
Event: 26.783 GC heap after
{Heap after GC invocations=67 (full 24):
 garbage-first heap   total 475136K, used 280405K [0x00000000c0000000, 0x0000000100000000)
  region size 1024K, 0 young (0K), 0 survivors (0K)
 Metaspace       used 3228K, capacity 5212K, committed 5376K, reserved 1056768K
  class space    used 246K, capacity 474K, committed 512K, reserved 1048576K
}
Event: 26.922 GC heap before
{Heap before GC invocations=67 (full 24):
 garbage-first heap   total 475136K, used 302933K [0x00000000c0000000, 0x0000000100000000)
  region size 1024K, 23 young (23552K), 0 survivors (0K)
 Metaspace       used 3228K, capacity 5212K, committed 5376K, reserved 1056768K
  class space    used 246K, capacity 474K, committed 512K, reserved 1048576K
}
Event: 27.214 GC heap after
{Heap after GC invocations=68 (full 25):
 garbage-first heap   total 478208K, used 282502K [0x00000000c0000000, 0x0000000100000000)
  region size 1024K, 0 young (0K), 0 survivors (0K)
 Metaspace       used 3228K, capacity 5212K, committed 5376K, reserved 1056768K
  class space    used 246K, capacity 474K, committed 512K, reserved 1048576K
}
Event: 27.395 GC heap before
{Heap before GC invocations=68 (full 25):
 garbage-first heap   total 478208K, used 319366K [0x00000000c0000000, 0x0000000100000000)
  region size 1024K, 37 young (37888K), 0 survivors (0K)
 Metaspace       used 3228K, capacity 5212K, committed 5376K, reserved 1056768K
  class space    used 246K, capacity 474K, committed 512K, reserved 1048576K
}
Event: 27.684 GC heap after
{Heap after GC invocations=69 (full 26):
 garbage-first heap   total 483328K, used 285947K [0x00000000c0000000, 0x0000000100000000)
  region size 1024K, 0 young (0K), 0 survivors (0K)
 Metaspace       used 3228K, capacity 5212K, committed 5376K, reserved 1056768K
  class space    used 246K, capacity 474K, committed 512K, reserved 1048576K
}
Event: 27.934 GC heap before
{Heap before GC invocations=69 (full 26):
 garbage-first heap   total 483328K, used 310523K [0x00000000c0000000, 0x0000000100000000)
  region size 1024K, 25 young (25600K), 0 survivors (0K)
 Metaspace       used 3228K, capacity 5212K, committed 5376K, reserved 1056768K
  class space    used 246K, capacity 474K, committed 512K, reserved 1048576K
}
Event: 28.196 GC heap after
{Heap after GC invocations=70 (full 27):
 garbage-first heap   total 486400K, used 288208K [0x00000000c0000000, 0x0000000100000000)
  region size 1024K, 0 young (0K), 0 survivors (0K)
 Metaspace       used 3228K, capacity 5212K, committed 5376K, reserved 1056768K
  class space    used 246K, capacity 474K, committed 512K, reserved 1048576K
}
Event: 28.342 GC heap before
{Heap before GC invocations=70 (full 27):
 garbage-first heap   total 486400K, used 328144K [0x00000000c0000000, 0x0000000100000000)
  region size 1024K, 40 young (40960K), 0 survivors (0K)
 Metaspace       used 3228K, capacity 5212K, committed 5376K, reserved 1056768K
  class space    used 246K, capacity 474K, committed 512K, reserved 1048576K
}
Event: 28.636 GC heap after
{Heap after GC invocations=71 (full 28):
 garbage-first heap   total 493568K, used 291784K [0x00000000c0000000, 0x0000000100000000)
  region size 1024K, 0 young (0K), 0 survivors (0K)
 Metaspace       used 3228K, capacity 5212K, committed 5376K, reserved 1056768K
  class space    used 246K, capacity 474K, committed 512K, reserved 1048576K
}
Event: 29.513 GC heap before
{Heap before GC invocations=71 (full 28):
 garbage-first heap   total 493568K, used 412616K [0x00000000c0000000, 0x0000000100000000)
  region size 1024K, 118 young (120832K), 0 survivors (0K)
 Metaspace       used 3228K, capacity 5212K, committed 5376K, reserved 1056768K
  class space    used 246K, capacity 474K, committed 512K, reserved 1048576K
}
Event: 29.527 GC heap after
{Heap after GC invocations=72 (full 28):
 garbage-first heap   total 493568K, used 303564K [0x00000000c0000000, 0x0000000100000000)
  region size 1024K, 12 young (12288K), 12 survivors (12288K)
 Metaspace       used 3228K, capacity 5212K, committed 5376K, reserved 1056768K
  class space    used 246K, capacity 474K, committed 512K, reserved 1048576K
}
Event: 30.403 GC heap before
{Heap before GC invocations=72 (full 28):
 garbage-first heap   total 493568K, used 414156K [0x00000000c0000000, 0x0000000100000000)
  region size 1024K, 120 young (122880K), 12 survivors (12288K)
 Metaspace       used 3228K, capacity 5212K, committed 5376K, reserved 1056768K
  class space    used 246K, capacity 474K, committed 512K, reserved 1048576K
}
Event: 30.428 GC heap after
{Heap after GC invocations=73 (full 28):
 garbage-first heap   total 493568K, used 313786K [0x00000000c0000000, 0x0000000100000000)
  region size 1024K, 11 young (11264K), 11 survivors (11264K)
 Metaspace       used 3228K, capacity 5212K, committed 5376K, reserved 1056768K
  class space    used 246K, capacity 474K, committed 512K, reserved 1048576K
}
Event: 30.563 GC heap before
{Heap before GC invocations=73 (full 28):
 garbage-first heap   total 588800K, used 349626K [0x00000000c0000000, 0x0000000100000000)
  region size 1024K, 47 young (48128K), 11 survivors (11264K)
 Metaspace       used 3228K, capacity 5212K, committed 5376K, reserved 1056768K
  class space    used 246K, capacity 474K, committed 512K, reserved 1048576K
}
Event: 30.926 GC heap after
{Heap after GC invocations=74 (full 29):
 garbage-first heap   total 588800K, used 315813K [0x00000000c0000000, 0x0000000100000000)
  region size 1024K, 0 young (0K), 0 survivors (0K)
 Metaspace       used 3228K, capacity 5212K, committed 5376K, reserved 1056768K
  class space    used 246K, capacity 474K, committed 512K, reserved 1048576K
}
Event: 31.147 GC heap before
{Heap before GC invocations=74 (full 29):
 garbage-first heap   total 588800K, used 330149K [0x00000000c0000000, 0x0000000100000000)
  region size 1024K, 15 young (15360K), 0 survivors (0K)
 Metaspace       used 3228K, capacity 5212K, committed 5376K, reserved 1056768K
  class space    used 246K, capacity 474K, committed 512K, reserved 1048576K
}
Event: 31.555 GC heap after
{Heap after GC invocations=75 (full 30):
 garbage-first heap   total 588800K, used 317135K [0x00000000c0000000, 0x0000000100000000)
  region size 1024K, 0 young (0K), 0 survivors (0K)
 Metaspace       used 3228K, capacity 5212K, committed 5376K, reserved 1056768K
  class space    used 246K, capacity 474K, committed 512K, reserved 1048576K
}
Event: 35.541 GC heap before
{Heap before GC invocations=75 (full 30):
 garbage-first heap   total 588800K, used 489167K [0x00000000c0000000, 0x0000000100000000)
  region size 1024K, 168 young (172032K), 0 survivors (0K)
 Metaspace       used 3237K, capacity 5212K, committed 5376K, reserved 1056768K
  class space    used 247K, capacity 474K, committed 512K, reserved 1048576K
}
Event: 35.563 GC heap after
{Heap after GC invocations=76 (full 30):
 garbage-first heap   total 588800K, used 330698K [0x00000000c0000000, 0x0000000100000000)
  region size 1024K, 14 young (14336K), 14 survivors (14336K)
 Metaspace       used 3237K, capacity 5212K, committed 5376K, reserved 1056768K
  class space    used 247K, capacity 474K, committed 512K, reserved 1048576K
}

